<?xml version="1.0" encoding="UTF-8"?>
<testng-results ignored="0" total="1" passed="1" failed="0" skipped="0">
  <reporter-output>
  </reporter-output>
  <suite started-at="2021-03-23T11:27:15 IST" name="suite" finished-at="2021-03-23T11:28:40 IST" duration-ms="85216">
    <groups>
    </groups>
    <test started-at="2021-03-23T11:27:15 IST" name="Test" finished-at="2021-03-23T11:28:40 IST" duration-ms="85216">
      <class name="com.inetBanking.testCases.TC_AddNewCustomerTest_003">
        <test-method is-config="true" signature="setUp(java.lang.String)[pri:0, instance:com.inetBanking.testCases.TC_AddNewCustomerTest_003@346d61be]" started-at="2021-03-23T11:27:15 IST" name="setUp" finished-at="2021-03-23T11:28:14 IST" duration-ms="58508" status="PASS">
          <params>
            <param index="0">
              <value>
                <![CDATA[chrome]]>
              </value>
            </param>
          </params>
          <reporter-output>
          </reporter-output>
        </test-method> <!-- setUp -->
        <test-method signature="addNewCustomer()[pri:0, instance:com.inetBanking.testCases.TC_AddNewCustomerTest_003@346d61be]" started-at="2021-03-23T11:28:14 IST" name="addNewCustomer" finished-at="2021-03-23T11:28:39 IST" duration-ms="24955" status="PASS">
          <reporter-output>
          </reporter-output>
        </test-method> <!-- addNewCustomer -->
        <test-method is-config="true" signature="tearDown()[pri:0, instance:com.inetBanking.testCases.TC_AddNewCustomerTest_003@346d61be]" started-at="2021-03-23T11:28:39 IST" name="tearDown" finished-at="2021-03-23T11:28:40 IST" duration-ms="978" status="PASS">
          <reporter-output>
          </reporter-output>
        </test-method> <!-- tearDown -->
      </class> <!-- com.inetBanking.testCases.TC_AddNewCustomerTest_003 -->
    </test> <!-- Test -->
  </suite> <!-- suite -->
</testng-results>
